# JRE version: OpenJDK Runtime Environment (8.0_152-b01) (build 1.8.0_152-release-915-b01)
# Java VM: OpenJDK 64-Bit Server VM (25.152-b01 mixed mode windows-amd64 compressed oops)
Heap:
 PSYoungGen      total 458240K, used 181422K [0x00000000e0000000, 0x00000000feb80000, 0x0000000100000000)
  eden space 414208K, 43% used [0x00000000e0000000,0x00000000eb113830,0x00000000f9480000)
  from space 44032K, 0% used [0x00000000fc080000,0x00000000fc098000,0x00000000feb80000)
  to   space 44544K, 0% used [0x00000000f9480000,0x00000000f9480000,0x00000000fc000000)
 ParOldGen       total 121344K, used 60440K [0x00000000a0000000, 0x00000000a7680000, 0x00000000e0000000)
  object space 121344K, 49% used [0x00000000a0000000,0x00000000a3b06058,0x00000000a7680000)
 Metaspace       used 73661K, capacity 76618K, committed 76820K, reserved 1116160K
  class space    used 9303K, capacity 9979K, committed 10044K, reserved 1048576K
GC Heap History (10 events):
Event: 109.484 GC heap before
{Heap before GC invocations=26 (full 4):
 PSYoungGen      total 284160K, used 4092K [0x00000000e0000000, 0x00000000f4500000, 0x0000000100000000)
  eden space 235008K, 0% used [0x00000000e0000000,0x00000000e0000000,0x00000000ee580000)
  from space 49152K, 8% used [0x00000000f1500000,0x00000000f18ff168,0x00000000f4500000)
  to   space 48640K, 0% used [0x00000000ee580000,0x00000000ee580000,0x00000000f1500000)
 ParOldGen       total 98816K, used 83677K [0x00000000a0000000, 0x00000000a6080000, 0x00000000e0000000)
  object space 98816K, 84% used [0x00000000a0000000,0x00000000a51b76d8,0x00000000a6080000)
 Metaspace       used 67108K, capacity 69298K, committed 69652K, reserved 1110016K
  class space    used 8670K, capacity 9155K, committed 9276K, reserved 1048576K
Event: 109.692 GC heap after
Heap after GC invocations=26 (full 4):
 PSYoungGen      total 284160K, used 0K [0x00000000e0000000, 0x00000000f4500000, 0x0000000100000000)
  eden space 235008K, 0% used [0x00000000e0000000,0x00000000e0000000,0x00000000ee580000)
  from space 49152K, 0% used [0x00000000f1500000,0x00000000f1500000,0x00000000f4500000)
  to   space 48640K, 0% used [0x00000000ee580000,0x00000000ee580000,0x00000000f1500000)
 ParOldGen       total 121344K, used 51293K [0x00000000a0000000, 0x00000000a7680000, 0x00000000e0000000)
  object space 121344K, 42% used [0x00000000a0000000,0x00000000a32175b8,0x00000000a7680000)
 Metaspace       used 67073K, capacity 69196K, committed 69652K, reserved 1110016K
  class space    used 8658K, capacity 9134K, committed 9276K, reserved 1048576K
}
Event: 110.432 GC heap before
{Heap before GC invocations=27 (full 4):
 PSYoungGen      total 284160K, used 235008K [0x00000000e0000000, 0x00000000f4500000, 0x0000000100000000)
  eden space 235008K, 100% used [0x00000000e0000000,0x00000000ee580000,0x00000000ee580000)
  from space 49152K, 0% used [0x00000000f1500000,0x00000000f1500000,0x00000000f4500000)
  to   space 48640K, 0% used [0x00000000ee580000,0x00000000ee580000,0x00000000f1500000)
 ParOldGen       total 121344K, used 51293K [0x00000000a0000000, 0x00000000a7680000, 0x00000000e0000000)
  object space 121344K, 42% used [0x00000000a0000000,0x00000000a32175b8,0x00000000a7680000)
 Metaspace       used 67775K, capacity 69892K, committed 70164K, reserved 1110016K
  class space    used 8743K, capacity 9248K, committed 9276K, reserved 1048576K
Event: 110.436 GC heap after
Heap after GC invocations=27 (full 4):
 PSYoungGen      total 283648K, used 1106K [0x00000000e0000000, 0x00000000f9c80000, 0x0000000100000000)
  eden space 235008K, 0% used [0x00000000e0000000,0x00000000e0000000,0x00000000ee580000)
  from space 48640K, 2% used [0x00000000ee580000,0x00000000ee6948b0,0x00000000f1500000)
  to   space 48640K, 0% used [0x00000000f6d00000,0x00000000f6d00000,0x00000000f9c80000)
 ParOldGen       total 121344K, used 51301K [0x00000000a0000000, 0x00000000a7680000, 0x00000000e0000000)
  object space 121344K, 42% used [0x00000000a0000000,0x00000000a32195b8,0x00000000a7680000)
 Metaspace       used 67775K, capacity 69892K, committed 70164K, reserved 1110016K
  class space    used 8743K, capacity 9248K, committed 9276K, reserved 1048576K
}
Event: 2690.731 GC heap before
{Heap before GC invocations=28 (full 4):
 PSYoungGen      total 283648K, used 236114K [0x00000000e0000000, 0x00000000f9c80000, 0x0000000100000000)
  eden space 235008K, 100% used [0x00000000e0000000,0x00000000ee580000,0x00000000ee580000)
  from space 48640K, 2% used [0x00000000ee580000,0x00000000ee6948b0,0x00000000f1500000)
  to   space 48640K, 0% used [0x00000000f6d00000,0x00000000f6d00000,0x00000000f9c80000)
 ParOldGen       total 121344K, used 51301K [0x00000000a0000000, 0x00000000a7680000, 0x00000000e0000000)
  object space 121344K, 42% used [0x00000000a0000000,0x00000000a32195b8,0x00000000a7680000)
 Metaspace       used 72219K, capacity 74898K, committed 75028K, reserved 1114112K
  class space    used 9125K, capacity 9703K, committed 9788K, reserved 1048576K
Event: 2690.847 GC heap after
Heap after GC invocations=28 (full 4):
 PSYoungGen      total 367616K, used 11132K [0x00000000e0000000, 0x00000000f9780000, 0x0000000100000000)
  eden space 324096K, 0% used [0x00000000e0000000,0x00000000e0000000,0x00000000f3c80000)
  from space 43520K, 25% used [0x00000000f6d00000,0x00000000f77df018,0x00000000f9780000)
  to   space 46592K, 0% used [0x00000000f3c80000,0x00000000f3c80000,0x00000000f6a00000)
 ParOldGen       total 121344K, used 51309K [0x00000000a0000000, 0x00000000a7680000, 0x00000000e0000000)
  object space 121344K, 42% used [0x00000000a0000000,0x00000000a321b5b8,0x00000000a7680000)
 Metaspace       used 72219K, capacity 74898K, committed 75028K, reserved 1114112K
  class space    used 9125K, capacity 9703K, committed 9788K, reserved 1048576K
}
Event: 2705.306 GC heap before
{Heap before GC invocations=29 (full 4):
 PSYoungGen      total 367616K, used 334639K [0x00000000e0000000, 0x00000000f9780000, 0x0000000100000000)
  eden space 324096K, 99% used [0x00000000e0000000,0x00000000f3becdc8,0x00000000f3c80000)
  from space 43520K, 25% used [0x00000000f6d00000,0x00000000f77df018,0x00000000f9780000)
  to   space 46592K, 0% used [0x00000000f3c80000,0x00000000f3c80000,0x00000000f6a00000)
 ParOldGen       total 121344K, used 51309K [0x00000000a0000000, 0x00000000a7680000, 0x00000000e0000000)
  object space 121344K, 42% used [0x00000000a0000000,0x00000000a321b5b8,0x00000000a7680000)
 Metaspace       used 72454K, capacity 75196K, committed 75284K, reserved 1114112K
  class space    used 9134K, capacity 9718K, committed 9788K, reserved 1048576K
Event: 2705.358 GC heap after
Heap after GC invocations=29 (full 4):
 PSYoungGen      total 370688K, used 8149K [0x00000000e0000000, 0x00000000fec80000, 0x0000000100000000)
  eden space 324096K, 0% used [0x00000000e0000000,0x00000000e0000000,0x00000000f3c80000)
  from space 46592K, 17% used [0x00000000f3c80000,0x00000000f44755b8,0x00000000f6a00000)
  to   space 45056K, 0% used [0x00000000fc080000,0x00000000fc080000,0x00000000fec80000)
 ParOldGen       total 121344K, used 58279K [0x00000000a0000000, 0x00000000a7680000, 0x00000000e0000000)
  object space 121344K, 48% used [0x00000000a0000000,0x00000000a38e9d50,0x00000000a7680000)
 Metaspace       used 72454K, capacity 75196K, committed 75284K, reserved 1114112K
  class space    used 9134K, capacity 9718K, committed 9788K, reserved 1048576K
}
Event: 2705.490 GC heap before
{Heap before GC invocations=30 (full 4):
 PSYoungGen      total 370688K, used 331533K [0x00000000e0000000, 0x00000000fec80000, 0x0000000100000000)
  eden space 324096K, 99% used [0x00000000e0000000,0x00000000f3bce0d8,0x00000000f3c80000)
  from space 46592K, 17% used [0x00000000f3c80000,0x00000000f44755b8,0x00000000f6a00000)
  to   space 45056K, 0% used [0x00000000fc080000,0x00000000fc080000,0x00000000fec80000)
 ParOldGen       total 121344K, used 58279K [0x00000000a0000000, 0x00000000a7680000, 0x00000000e0000000)
  object space 121344K, 48% used [0x00000000a0000000,0x00000000a38e9d50,0x00000000a7680000)
 Metaspace       used 72454K, capacity 75196K, committed 75284K, reserved 1114112K
  class space    used 9134K, capacity 9718K, committed 9788K, reserved 1048576K
Event: 2705.503 GC heap after
Heap after GC invocations=30 (full 4):
 PSYoungGen      total 458240K, used 96K [0x00000000e0000000, 0x00000000feb80000, 0x0000000100000000)
  eden space 414208K, 0% used [0x00000000e0000000,0x00000000e0000000,0x00000000f9480000)
  from space 44032K, 0% used [0x00000000fc080000,0x00000000fc098000,0x00000000feb80000)
  to   space 44544K, 0% used [0x00000000f9480000,0x00000000f9480000,0x00000000fc000000)
 ParOldGen       total 121344K, used 60440K [0x00000000a0000000, 0x00000000a7680000, 0x00000000e0000000)
  object space 121344K, 49% used [0x00000000a0000000,0x00000000a3b06058,0x00000000a7680000)
 Metaspace       used 72454K, capacity 75196K, committed 75284K, reserved 1114112K
  class space    used 9134K, capacity 9718K, committed 9788K, reserved 1048576K
}

