# JRE version: OpenJDK Runtime Environment (8.0_152-b01) (build 1.8.0_152-release-915-b01)
# Java VM: OpenJDK 64-Bit Server VM (25.152-b01 mixed mode windows-amd64 compressed oops)
Heap:
 PSYoungGen      total 236544K, used 47249K [0x00000000e0000000, 0x00000000f0080000, 0x0000000100000000)
  eden space 215552K, 20% used [0x00000000e0000000,0x00000000e2b38488,0x00000000ed280000)
  from space 20992K, 14% used [0x00000000eec00000,0x00000000eeeec320,0x00000000f0080000)
  to   space 23552K, 0% used [0x00000000ed280000,0x00000000ed280000,0x00000000ee980000)
 ParOldGen       total 93184K, used 54327K [0x00000000a0000000, 0x00000000a5b00000, 0x00000000e0000000)
  object space 93184K, 58% used [0x00000000a0000000,0x00000000a350dd38,0x00000000a5b00000)
 Metaspace       used 67404K, capacity 70592K, committed 70616K, reserved 1110016K
  class space    used 8876K, capacity 9708K, committed 9728K, reserved 1048576K
GC Heap History (10 events):
Event: 43.168 GC heap before
{Heap before GC invocations=19 (full 2):
 PSYoungGen      total 134144K, used 18661K [0x00000000e0000000, 0x00000000ea980000, 0x0000000100000000)
  eden space 117760K, 1% used [0x00000000e0000000,0x00000000e02415b8,0x00000000e7300000)
  from space 16384K, 99% used [0x00000000e8700000,0x00000000e96f8200,0x00000000e9700000)
  to   space 20480K, 0% used [0x00000000e7300000,0x00000000e7300000,0x00000000e8700000)
 ParOldGen       total 58368K, used 33699K [0x00000000a0000000, 0x00000000a3900000, 0x00000000e0000000)
  object space 58368K, 57% used [0x00000000a0000000,0x00000000a20e8d08,0x00000000a3900000)
 Metaspace       used 57031K, capacity 58944K, committed 59028K, reserved 1099776K
  class space    used 7755K, capacity 8269K, committed 8320K, reserved 1048576K
Event: 43.201 GC heap after
Heap after GC invocations=19 (full 2):
 PSYoungGen      total 138240K, used 8928K [0x00000000e0000000, 0x00000000ec580000, 0x0000000100000000)
  eden space 117760K, 0% used [0x00000000e0000000,0x00000000e0000000,0x00000000e7300000)
  from space 20480K, 43% used [0x00000000e7300000,0x00000000e7bb8000,0x00000000e8700000)
  to   space 19456K, 0% used [0x00000000eb280000,0x00000000eb280000,0x00000000ec580000)
 ParOldGen       total 58368K, used 41307K [0x00000000a0000000, 0x00000000a3900000, 0x00000000e0000000)
  object space 58368K, 70% used [0x00000000a0000000,0x00000000a2856f48,0x00000000a3900000)
 Metaspace       used 57031K, capacity 58944K, committed 59028K, reserved 1099776K
  class space    used 7755K, capacity 8269K, committed 8320K, reserved 1048576K
}
Event: 43.201 GC heap before
{Heap before GC invocations=20 (full 3):
 PSYoungGen      total 138240K, used 8928K [0x00000000e0000000, 0x00000000ec580000, 0x0000000100000000)
  eden space 117760K, 0% used [0x00000000e0000000,0x00000000e0000000,0x00000000e7300000)
  from space 20480K, 43% used [0x00000000e7300000,0x00000000e7bb8000,0x00000000e8700000)
  to   space 19456K, 0% used [0x00000000eb280000,0x00000000eb280000,0x00000000ec580000)
 ParOldGen       total 58368K, used 41307K [0x00000000a0000000, 0x00000000a3900000, 0x00000000e0000000)
  object space 58368K, 70% used [0x00000000a0000000,0x00000000a2856f48,0x00000000a3900000)
 Metaspace       used 57031K, capacity 58944K, committed 59028K, reserved 1099776K
  class space    used 7755K, capacity 8269K, committed 8320K, reserved 1048576K
Event: 43.691 GC heap after
Heap after GC invocations=20 (full 3):
 PSYoungGen      total 138240K, used 0K [0x00000000e0000000, 0x00000000ec580000, 0x0000000100000000)
  eden space 117760K, 0% used [0x00000000e0000000,0x00000000e0000000,0x00000000e7300000)
  from space 20480K, 0% used [0x00000000e7300000,0x00000000e7300000,0x00000000e8700000)
  to   space 19456K, 0% used [0x00000000eb280000,0x00000000eb280000,0x00000000ec580000)
 ParOldGen       total 93184K, used 44880K [0x00000000a0000000, 0x00000000a5b00000, 0x00000000e0000000)
  object space 93184K, 48% used [0x00000000a0000000,0x00000000a2bd4138,0x00000000a5b00000)
 Metaspace       used 57007K, capacity 58856K, committed 59028K, reserved 1099776K
  class space    used 7748K, capacity 8261K, committed 8320K, reserved 1048576K
}
Event: 173.580 GC heap before
{Heap before GC invocations=21 (full 3):
 PSYoungGen      total 138240K, used 117760K [0x00000000e0000000, 0x00000000ec580000, 0x0000000100000000)
  eden space 117760K, 100% used [0x00000000e0000000,0x00000000e7300000,0x00000000e7300000)
  from space 20480K, 0% used [0x00000000e7300000,0x00000000e7300000,0x00000000e8700000)
  to   space 19456K, 0% used [0x00000000eb280000,0x00000000eb280000,0x00000000ec580000)
 ParOldGen       total 93184K, used 44880K [0x00000000a0000000, 0x00000000a5b00000, 0x00000000e0000000)
  object space 93184K, 48% used [0x00000000a0000000,0x00000000a2bd4138,0x00000000a5b00000)
 Metaspace       used 62649K, capacity 65316K, committed 65624K, reserved 1105920K
  class space    used 8329K, capacity 9024K, committed 9088K, reserved 1048576K
Event: 173.601 GC heap after
Heap after GC invocations=21 (full 3):
 PSYoungGen      total 175616K, used 9035K [0x00000000e0000000, 0x00000000ec100000, 0x0000000100000000)
  eden space 160768K, 0% used [0x00000000e0000000,0x00000000e0000000,0x00000000e9d00000)
  from space 14848K, 60% used [0x00000000eb280000,0x00000000ebb52ee8,0x00000000ec100000)
  to   space 18432K, 0% used [0x00000000e9d00000,0x00000000e9d00000,0x00000000eaf00000)
 ParOldGen       total 93184K, used 44888K [0x00000000a0000000, 0x00000000a5b00000, 0x00000000e0000000)
  object space 93184K, 48% used [0x00000000a0000000,0x00000000a2bd6138,0x00000000a5b00000)
 Metaspace       used 62649K, capacity 65316K, committed 65624K, reserved 1105920K
  class space    used 8329K, capacity 9024K, committed 9088K, reserved 1048576K
}
Event: 205.071 GC heap before
{Heap before GC invocations=22 (full 3):
 PSYoungGen      total 175616K, used 169803K [0x00000000e0000000, 0x00000000ec100000, 0x0000000100000000)
  eden space 160768K, 100% used [0x00000000e0000000,0x00000000e9d00000,0x00000000e9d00000)
  from space 14848K, 60% used [0x00000000eb280000,0x00000000ebb52ee8,0x00000000ec100000)
  to   space 18432K, 0% used [0x00000000e9d00000,0x00000000e9d00000,0x00000000eaf00000)
 ParOldGen       total 93184K, used 44888K [0x00000000a0000000, 0x00000000a5b00000, 0x00000000e0000000)
  object space 93184K, 48% used [0x00000000a0000000,0x00000000a2bd6138,0x00000000a5b00000)
 Metaspace       used 65348K, capacity 68116K, committed 68312K, reserved 1107968K
  class space    used 8646K, capacity 9392K, committed 9472K, reserved 1048576K
Event: 205.119 GC heap after
Heap after GC invocations=22 (full 3):
 PSYoungGen      total 179200K, used 18416K [0x00000000e0000000, 0x00000000f0300000, 0x0000000100000000)
  eden space 160768K, 0% used [0x00000000e0000000,0x00000000e0000000,0x00000000e9d00000)
  from space 18432K, 99% used [0x00000000e9d00000,0x00000000eaefc070,0x00000000eaf00000)
  to   space 23552K, 0% used [0x00000000eec00000,0x00000000eec00000,0x00000000f0300000)
 ParOldGen       total 93184K, used 52126K [0x00000000a0000000, 0x00000000a5b00000, 0x00000000e0000000)
  object space 93184K, 55% used [0x00000000a0000000,0x00000000a32e7bf8,0x00000000a5b00000)
 Metaspace       used 65348K, capacity 68116K, committed 68312K, reserved 1107968K
  class space    used 8646K, capacity 9392K, committed 9472K, reserved 1048576K
}
Event: 5492.608 GC heap before
{Heap before GC invocations=23 (full 3):
 PSYoungGen      total 179200K, used 179184K [0x00000000e0000000, 0x00000000f0300000, 0x0000000100000000)
  eden space 160768K, 100% used [0x00000000e0000000,0x00000000e9d00000,0x00000000e9d00000)
  from space 18432K, 99% used [0x00000000e9d00000,0x00000000eaefc070,0x00000000eaf00000)
  to   space 23552K, 0% used [0x00000000eec00000,0x00000000eec00000,0x00000000f0300000)
 ParOldGen       total 93184K, used 52126K [0x00000000a0000000, 0x00000000a5b00000, 0x00000000e0000000)
  object space 93184K, 55% used [0x00000000a0000000,0x00000000a32e7bf8,0x00000000a5b00000)
 Metaspace       used 67145K, capacity 70158K, committed 70360K, reserved 1110016K
  class space    used 8837K, capacity 9617K, committed 9728K, reserved 1048576K
Event: 5492.769 GC heap after
Heap after GC invocations=23 (full 3):
 PSYoungGen      total 236544K, used 2992K [0x00000000e0000000, 0x00000000f0080000, 0x0000000100000000)
  eden space 215552K, 0% used [0x00000000e0000000,0x00000000e0000000,0x00000000ed280000)
  from space 20992K, 14% used [0x00000000eec00000,0x00000000eeeec320,0x00000000f0080000)
  to   space 23552K, 0% used [0x00000000ed280000,0x00000000ed280000,0x00000000ee980000)
 ParOldGen       total 93184K, used 54327K [0x00000000a0000000, 0x00000000a5b00000, 0x00000000e0000000)
  object space 93184K, 58% used [0x00000000a0000000,0x00000000a350dd38,0x00000000a5b00000)
 Metaspace       used 67145K, capacity 70158K, committed 70360K, reserved 1110016K
  class space    used 8837K, capacity 9617K, committed 9728K, reserved 1048576K
}

